18-Nov-2023 16:52:37.912 INFO [main] org.apache.catalina.startup.VersionLoggerListener.log Server version name:   Apache Tomcat/10.1.16
18-Nov-2023 16:52:37.928 INFO [main] org.apache.catalina.startup.VersionLoggerListener.log Server built:          Nov 10 2023 16:17:33 UTC
18-Nov-2023 16:52:37.928 INFO [main] org.apache.catalina.startup.VersionLoggerListener.log Server version number: 10.1.16.0
18-Nov-2023 16:52:37.928 INFO [main] org.apache.catalina.startup.VersionLoggerListener.log OS Name:               Windows 11
18-Nov-2023 16:52:37.928 INFO [main] org.apache.catalina.startup.VersionLoggerListener.log OS Version:            10.0
18-Nov-2023 16:52:37.928 INFO [main] org.apache.catalina.startup.VersionLoggerListener.log Architecture:          amd64
18-Nov-2023 16:52:37.928 INFO [main] org.apache.catalina.startup.VersionLoggerListener.log Java Home:             D:\app\jdk
18-Nov-2023 16:52:37.928 INFO [main] org.apache.catalina.startup.VersionLoggerListener.log JVM Version:           17.0.5+8
18-Nov-2023 16:52:37.928 INFO [main] org.apache.catalina.startup.VersionLoggerListener.log JVM Vendor:            Eclipse Adoptium
18-Nov-2023 16:52:37.928 INFO [main] org.apache.catalina.startup.VersionLoggerListener.log CATALINA_BASE:         D:\WorkSpace\Source\Website\apache-tomcat-10.1.16
18-Nov-2023 16:52:37.928 INFO [main] org.apache.catalina.startup.VersionLoggerListener.log CATALINA_HOME:         D:\WorkSpace\Source\Website\apache-tomcat-10.1.16
18-Nov-2023 16:52:37.951 INFO [main] org.apache.catalina.startup.VersionLoggerListener.log Command line argument: -Djava.util.logging.config.file=D:\WorkSpace\Source\Website\apache-tomcat-10.1.16\conf\logging.properties
18-Nov-2023 16:52:37.951 INFO [main] org.apache.catalina.startup.VersionLoggerListener.log Command line argument: -Djava.util.logging.manager=org.apache.juli.ClassLoaderLogManager
18-Nov-2023 16:52:37.951 INFO [main] org.apache.catalina.startup.VersionLoggerListener.log Command line argument: -Djdk.tls.ephemeralDHKeySize=2048
18-Nov-2023 16:52:37.951 INFO [main] org.apache.catalina.startup.VersionLoggerListener.log Command line argument: -Djava.protocol.handler.pkgs=org.apache.catalina.webresources
18-Nov-2023 16:52:37.951 INFO [main] org.apache.catalina.startup.VersionLoggerListener.log Command line argument: --add-opens=java.base/java.lang=ALL-UNNAMED
18-Nov-2023 16:52:37.951 INFO [main] org.apache.catalina.startup.VersionLoggerListener.log Command line argument: --add-opens=java.base/java.io=ALL-UNNAMED
18-Nov-2023 16:52:37.951 INFO [main] org.apache.catalina.startup.VersionLoggerListener.log Command line argument: --add-opens=java.base/java.util=ALL-UNNAMED
18-Nov-2023 16:52:37.951 INFO [main] org.apache.catalina.startup.VersionLoggerListener.log Command line argument: --add-opens=java.base/java.util.concurrent=ALL-UNNAMED
18-Nov-2023 16:52:37.951 INFO [main] org.apache.catalina.startup.VersionLoggerListener.log Command line argument: --add-opens=java.rmi/sun.rmi.transport=ALL-UNNAMED
18-Nov-2023 16:52:37.951 INFO [main] org.apache.catalina.startup.VersionLoggerListener.log Command line argument: -Dcatalina.base=D:\WorkSpace\Source\Website\apache-tomcat-10.1.16
18-Nov-2023 16:52:37.951 INFO [main] org.apache.catalina.startup.VersionLoggerListener.log Command line argument: -Dcatalina.home=D:\WorkSpace\Source\Website\apache-tomcat-10.1.16
18-Nov-2023 16:52:37.951 INFO [main] org.apache.catalina.startup.VersionLoggerListener.log Command line argument: -Djava.io.tmpdir=D:\WorkSpace\Source\Website\apache-tomcat-10.1.16\temp
18-Nov-2023 16:52:37.951 INFO [main] org.apache.catalina.core.AprLifecycleListener.lifecycleEvent Loaded Apache Tomcat Native library [2.0.6] using APR version [1.7.4].
18-Nov-2023 16:52:37.951 INFO [main] org.apache.catalina.core.AprLifecycleListener.initializeSSL OpenSSL successfully initialized [OpenSSL 3.0.11 19 Sep 2023]
18-Nov-2023 16:52:38.185 INFO [main] org.apache.coyote.AbstractProtocol.init Initializing ProtocolHandler ["http-nio-8080"]
18-Nov-2023 16:52:38.216 INFO [main] org.apache.catalina.startup.Catalina.load Server initialization in [512] milliseconds
18-Nov-2023 16:52:38.308 INFO [main] org.apache.catalina.core.StandardService.startInternal Starting service [Catalina]
18-Nov-2023 16:52:38.308 INFO [main] org.apache.catalina.core.StandardEngine.startInternal Starting Servlet engine: [Apache Tomcat/10.1.16]
18-Nov-2023 16:52:38.323 INFO [main] org.apache.catalina.startup.HostConfig.deployDirectory Deploying web application directory [D:\WorkSpace\Source\Website\apache-tomcat-10.1.16\webapps\docs]
18-Nov-2023 16:52:38.823 INFO [main] org.apache.catalina.startup.HostConfig.deployDirectory Deployment of web application directory [D:\WorkSpace\Source\Website\apache-tomcat-10.1.16\webapps\docs] has finished in [500] ms
18-Nov-2023 16:52:38.823 INFO [main] org.apache.catalina.startup.HostConfig.deployDirectory Deploying web application directory [D:\WorkSpace\Source\Website\apache-tomcat-10.1.16\webapps\examples]
18-Nov-2023 16:52:39.167 INFO [main] org.apache.catalina.startup.HostConfig.deployDirectory Deployment of web application directory [D:\WorkSpace\Source\Website\apache-tomcat-10.1.16\webapps\examples] has finished in [344] ms
18-Nov-2023 16:52:39.167 INFO [main] org.apache.catalina.startup.HostConfig.deployDirectory Deploying web application directory [D:\WorkSpace\Source\Website\apache-tomcat-10.1.16\webapps\host-manager]
18-Nov-2023 16:52:39.214 INFO [main] org.apache.catalina.startup.HostConfig.deployDirectory Deployment of web application directory [D:\WorkSpace\Source\Website\apache-tomcat-10.1.16\webapps\host-manager] has finished in [47] ms
18-Nov-2023 16:52:39.214 INFO [main] org.apache.catalina.startup.HostConfig.deployDirectory Deploying web application directory [D:\WorkSpace\Source\Website\apache-tomcat-10.1.16\webapps\manager]
18-Nov-2023 16:52:39.245 INFO [main] org.apache.catalina.startup.HostConfig.deployDirectory Deployment of web application directory [D:\WorkSpace\Source\Website\apache-tomcat-10.1.16\webapps\manager] has finished in [31] ms
18-Nov-2023 16:52:39.245 INFO [main] org.apache.catalina.startup.HostConfig.deployDirectory Deploying web application directory [D:\WorkSpace\Source\Website\apache-tomcat-10.1.16\webapps\ROOT]
18-Nov-2023 16:52:39.276 INFO [main] org.apache.catalina.startup.HostConfig.deployDirectory Deployment of web application directory [D:\WorkSpace\Source\Website\apache-tomcat-10.1.16\webapps\ROOT] has finished in [31] ms
18-Nov-2023 16:52:39.276 INFO [main] org.apache.coyote.AbstractProtocol.start Starting ProtocolHandler ["http-nio-8080"]
18-Nov-2023 16:52:39.323 INFO [main] org.apache.catalina.startup.Catalina.start Server startup in [1107] milliseconds
18-Nov-2023 16:56:39.568 INFO [Catalina-utility-1] org.apache.catalina.users.MemoryUserDatabase.backgroundProcess Reloading memory user database [UserDatabase] from updated source [file:/D:/WorkSpace/Source/Website/apache-tomcat-10.1.16/conf/tomcat-users.xml]
18-Nov-2023 16:56:49.594 INFO [Catalina-utility-1] org.apache.catalina.users.MemoryUserDatabase.backgroundProcess Reloading memory user database [UserDatabase] from updated source [file:/D:/WorkSpace/Source/Website/apache-tomcat-10.1.16/conf/tomcat-users.xml]
18-Nov-2023 16:57:09.625 INFO [Catalina-utility-2] org.apache.catalina.users.MemoryUserDatabase.backgroundProcess Reloading memory user database [UserDatabase] from updated source [file:/D:/WorkSpace/Source/Website/apache-tomcat-10.1.16/conf/tomcat-users.xml]
18-Nov-2023 16:57:49.690 INFO [Catalina-utility-1] org.apache.catalina.users.MemoryUserDatabase.backgroundProcess Reloading memory user database [UserDatabase] from updated source [file:/D:/WorkSpace/Source/Website/apache-tomcat-10.1.16/conf/tomcat-users.xml]
18-Nov-2023 16:58:09.716 INFO [Catalina-utility-2] org.apache.catalina.users.MemoryUserDatabase.backgroundProcess Reloading memory user database [UserDatabase] from updated source [file:/D:/WorkSpace/Source/Website/apache-tomcat-10.1.16/conf/tomcat-users.xml]
18-Nov-2023 16:59:29.822 INFO [Catalina-utility-1] org.apache.catalina.users.MemoryUserDatabase.backgroundProcess Reloading memory user database [UserDatabase] from updated source [file:/D:/WorkSpace/Source/Website/apache-tomcat-10.1.16/conf/tomcat-users.xml]
18-Nov-2023 16:59:49.856 INFO [Catalina-utility-1] org.apache.catalina.users.MemoryUserDatabase.backgroundProcess Reloading memory user database [UserDatabase] from updated source [file:/D:/WorkSpace/Source/Website/apache-tomcat-10.1.16/conf/tomcat-users.xml]
18-Nov-2023 16:59:59.877 INFO [Catalina-utility-1] org.apache.catalina.users.MemoryUserDatabase.backgroundProcess Reloading memory user database [UserDatabase] from updated source [file:/D:/WorkSpace/Source/Website/apache-tomcat-10.1.16/conf/tomcat-users.xml]
18-Nov-2023 17:02:00.005 INFO [Catalina-utility-1] org.apache.catalina.users.MemoryUserDatabase.backgroundProcess Reloading memory user database [UserDatabase] from updated source [file:/D:/WorkSpace/Source/Website/apache-tomcat-10.1.16/conf/tomcat-users.xml]
18-Nov-2023 17:03:38.178 INFO [main] org.apache.catalina.startup.VersionLoggerListener.log Server version name:   Apache Tomcat/10.1.16
18-Nov-2023 17:03:38.184 INFO [main] org.apache.catalina.startup.VersionLoggerListener.log Server built:          Nov 10 2023 16:17:33 UTC
18-Nov-2023 17:03:38.185 INFO [main] org.apache.catalina.startup.VersionLoggerListener.log Server version number: 10.1.16.0
18-Nov-2023 17:03:38.185 INFO [main] org.apache.catalina.startup.VersionLoggerListener.log OS Name:               Windows 11
18-Nov-2023 17:03:38.185 INFO [main] org.apache.catalina.startup.VersionLoggerListener.log OS Version:            10.0
18-Nov-2023 17:03:38.185 INFO [main] org.apache.catalina.startup.VersionLoggerListener.log Architecture:          amd64
18-Nov-2023 17:03:38.185 INFO [main] org.apache.catalina.startup.VersionLoggerListener.log Java Home:             D:\app\jdk
18-Nov-2023 17:03:38.185 INFO [main] org.apache.catalina.startup.VersionLoggerListener.log JVM Version:           17.0.5+8
18-Nov-2023 17:03:38.185 INFO [main] org.apache.catalina.startup.VersionLoggerListener.log JVM Vendor:            Eclipse Adoptium
18-Nov-2023 17:03:38.186 INFO [main] org.apache.catalina.startup.VersionLoggerListener.log CATALINA_BASE:         D:\WorkSpace\Source\Website\apache-tomcat-10.1.16
18-Nov-2023 17:03:38.186 INFO [main] org.apache.catalina.startup.VersionLoggerListener.log CATALINA_HOME:         D:\WorkSpace\Source\Website\apache-tomcat-10.1.16
18-Nov-2023 17:03:38.204 INFO [main] org.apache.catalina.startup.VersionLoggerListener.log Command line argument: -Djava.util.logging.config.file=D:\WorkSpace\Source\Website\apache-tomcat-10.1.16\conf\logging.properties
18-Nov-2023 17:03:38.205 INFO [main] org.apache.catalina.startup.VersionLoggerListener.log Command line argument: -Djava.util.logging.manager=org.apache.juli.ClassLoaderLogManager
18-Nov-2023 17:03:38.205 INFO [main] org.apache.catalina.startup.VersionLoggerListener.log Command line argument: -Djdk.tls.ephemeralDHKeySize=2048
18-Nov-2023 17:03:38.205 INFO [main] org.apache.catalina.startup.VersionLoggerListener.log Command line argument: -Djava.protocol.handler.pkgs=org.apache.catalina.webresources
18-Nov-2023 17:03:38.205 INFO [main] org.apache.catalina.startup.VersionLoggerListener.log Command line argument: --add-opens=java.base/java.lang=ALL-UNNAMED
18-Nov-2023 17:03:38.205 INFO [main] org.apache.catalina.startup.VersionLoggerListener.log Command line argument: --add-opens=java.base/java.io=ALL-UNNAMED
18-Nov-2023 17:03:38.205 INFO [main] org.apache.catalina.startup.VersionLoggerListener.log Command line argument: --add-opens=java.base/java.util=ALL-UNNAMED
18-Nov-2023 17:03:38.205 INFO [main] org.apache.catalina.startup.VersionLoggerListener.log Command line argument: --add-opens=java.base/java.util.concurrent=ALL-UNNAMED
18-Nov-2023 17:03:38.205 INFO [main] org.apache.catalina.startup.VersionLoggerListener.log Command line argument: --add-opens=java.rmi/sun.rmi.transport=ALL-UNNAMED
18-Nov-2023 17:03:38.205 INFO [main] org.apache.catalina.startup.VersionLoggerListener.log Command line argument: -Dcatalina.base=D:\WorkSpace\Source\Website\apache-tomcat-10.1.16
18-Nov-2023 17:03:38.206 INFO [main] org.apache.catalina.startup.VersionLoggerListener.log Command line argument: -Dcatalina.home=D:\WorkSpace\Source\Website\apache-tomcat-10.1.16
18-Nov-2023 17:03:38.206 INFO [main] org.apache.catalina.startup.VersionLoggerListener.log Command line argument: -Djava.io.tmpdir=D:\WorkSpace\Source\Website\apache-tomcat-10.1.16\temp
18-Nov-2023 17:03:38.210 INFO [main] org.apache.catalina.core.AprLifecycleListener.lifecycleEvent Loaded Apache Tomcat Native library [2.0.6] using APR version [1.7.4].
18-Nov-2023 17:03:38.218 INFO [main] org.apache.catalina.core.AprLifecycleListener.initializeSSL OpenSSL successfully initialized [OpenSSL 3.0.11 19 Sep 2023]
18-Nov-2023 17:03:38.551 INFO [main] org.apache.coyote.AbstractProtocol.init Initializing ProtocolHandler ["http-nio-8080"]
18-Nov-2023 17:03:38.597 INFO [main] org.apache.catalina.startup.Catalina.load Server initialization in [740] milliseconds
18-Nov-2023 17:03:38.691 INFO [main] org.apache.catalina.core.StandardService.startInternal Starting service [Catalina]
18-Nov-2023 17:03:38.691 INFO [main] org.apache.catalina.core.StandardEngine.startInternal Starting Servlet engine: [Apache Tomcat/10.1.16]
18-Nov-2023 17:03:38.701 INFO [main] org.apache.catalina.startup.HostConfig.deployDirectory Deploying web application directory [D:\WorkSpace\Source\Website\apache-tomcat-10.1.16\webapps\docs]
18-Nov-2023 17:03:39.169 INFO [main] org.apache.catalina.startup.HostConfig.deployDirectory Deployment of web application directory [D:\WorkSpace\Source\Website\apache-tomcat-10.1.16\webapps\docs] has finished in [467] ms
18-Nov-2023 17:03:39.170 INFO [main] org.apache.catalina.startup.HostConfig.deployDirectory Deploying web application directory [D:\WorkSpace\Source\Website\apache-tomcat-10.1.16\webapps\examples]
18-Nov-2023 17:03:39.621 INFO [main] org.apache.catalina.startup.HostConfig.deployDirectory Deployment of web application directory [D:\WorkSpace\Source\Website\apache-tomcat-10.1.16\webapps\examples] has finished in [451] ms
18-Nov-2023 17:03:39.621 INFO [main] org.apache.catalina.startup.HostConfig.deployDirectory Deploying web application directory [D:\WorkSpace\Source\Website\apache-tomcat-10.1.16\webapps\host-manager]
18-Nov-2023 17:03:39.664 INFO [main] org.apache.catalina.startup.HostConfig.deployDirectory Deployment of web application directory [D:\WorkSpace\Source\Website\apache-tomcat-10.1.16\webapps\host-manager] has finished in [43] ms
18-Nov-2023 17:03:39.664 INFO [main] org.apache.catalina.startup.HostConfig.deployDirectory Deploying web application directory [D:\WorkSpace\Source\Website\apache-tomcat-10.1.16\webapps\manager]
18-Nov-2023 17:03:39.694 INFO [main] org.apache.catalina.startup.HostConfig.deployDirectory Deployment of web application directory [D:\WorkSpace\Source\Website\apache-tomcat-10.1.16\webapps\manager] has finished in [30] ms
18-Nov-2023 17:03:39.694 INFO [main] org.apache.catalina.startup.HostConfig.deployDirectory Deploying web application directory [D:\WorkSpace\Source\Website\apache-tomcat-10.1.16\webapps\ROOT]
18-Nov-2023 17:03:39.728 INFO [main] org.apache.catalina.startup.HostConfig.deployDirectory Deployment of web application directory [D:\WorkSpace\Source\Website\apache-tomcat-10.1.16\webapps\ROOT] has finished in [34] ms
18-Nov-2023 17:03:39.737 INFO [main] org.apache.coyote.AbstractProtocol.start Starting ProtocolHandler ["http-nio-8080"]
18-Nov-2023 17:03:39.807 INFO [main] org.apache.catalina.startup.Catalina.start Server startup in [1208] milliseconds
18-Nov-2023 17:03:40.025 INFO [http-nio-8080-exec-6] org.apache.catalina.startup.HostConfig.deployDescriptor Deploying deployment descriptor [D:\WorkSpace\Source\Website\apache-tomcat-10.1.16\conf\Catalina\localhost\first.xml]
18-Nov-2023 17:03:40.033 WARNING [http-nio-8080-exec-6] org.apache.catalina.startup.HostConfig.deployDescriptor The path attribute with value [/first] in deployment descriptor [D:\WorkSpace\Source\Website\apache-tomcat-10.1.16\conf\Catalina\localhost\first.xml] has been ignored
18-Nov-2023 17:03:40.110 INFO [http-nio-8080-exec-6] org.apache.catalina.startup.HostConfig.deployDescriptor Deployment of deployment descriptor [D:\WorkSpace\Source\Website\apache-tomcat-10.1.16\conf\Catalina\localhost\first.xml] has finished in [85] ms
18-Nov-2023 17:03:40.116 INFO [http-nio-8080-exec-7] org.apache.catalina.util.LifecycleBase.start The start() method was called on component [StandardEngine[Catalina].StandardHost[localhost].StandardContext[/first]] after start() had already been called. The second call will be ignored.
18-Nov-2023 17:11:27.120 INFO [main] org.apache.catalina.core.StandardServer.await A valid shutdown command was received via the shutdown port. Stopping the Server instance.
18-Nov-2023 17:11:27.121 INFO [main] org.apache.coyote.AbstractProtocol.pause Pausing ProtocolHandler ["http-nio-8080"]
18-Nov-2023 17:11:27.129 INFO [main] org.apache.catalina.core.StandardService.stopInternal Stopping service [Catalina]
18-Nov-2023 17:11:27.155 INFO [main] org.apache.coyote.AbstractProtocol.stop Stopping ProtocolHandler ["http-nio-8080"]
18-Nov-2023 17:11:27.166 INFO [main] org.apache.coyote.AbstractProtocol.destroy Destroying ProtocolHandler ["http-nio-8080"]
